<?xml version="1.0" encoding="UTF-8"?>
<!-- Generated by org.testng.reporters.JUnitXMLReporter -->
<testsuite hostname="DESKTOP-PKISB3R" ignored="0" name="Test" tests="1" failures="1" timestamp="12 Jul 2020 19:57:07 GMT" time="15.544" errors="0">
  <testcase name="test" time="5.976" classname="com.project.JuneMavenSelenium6_30PMBatch.HardAssertDemo">
    <failure type="java.lang.AssertionError" message="The following asserts failed:
	Both links are not equal... expected [true] but found [false]">
      <![CDATA[java.lang.AssertionError: The following asserts failed:
Both links are not equal... expected [true] but found [false]
at com.project.JuneMavenSelenium6_30PMBatch.HardAssertDemo.test(HardAssertDemo.java:47)
... Removed 26 stack frames]]>
    </failure>
  </testcase> <!-- test -->
</testsuite> <!-- Test -->
